Q1, Hatay, Bursa, 2, R
There is no way!
Q1, Ardahan, Aydin, 6, H
Ardahan, H, Agri, H, Diyarbakir, H, Malatya, H, Kayseri, A, Konya, H, Burdur, H, Aydin
Ardahan, H, Agri, H, Diyarbakir, H, Malatya, H, Kayseri, R, Konya, H, Burdur, H, Aydin
Q2, Agri, Burdur, Kayseri
Agri, A, Diyarbakir, H, Malatya, H, Kayseri, A, Konya, H, Burdur
Agri, A, Diyarbakir, H, Malatya, H, Kayseri, A, Konya, R, Burdur
Agri, A, Diyarbakir, H, Malatya, H, Kayseri, R, Konya, H, Burdur
Agri, A, Diyarbakir, H, Malatya, H, Kayseri, R, Konya, R, Burdur
Agri, A, Diyarbakir, H, Malatya, R, Kayseri, A, Konya, H, Burdur
Agri, A, Diyarbakir, H, Malatya, R, Kayseri, A, Konya, R, Burdur
Agri, A, Diyarbakir, H, Malatya, R, Kayseri, R, Konya, H, Burdur
Agri, A, Diyarbakir, H, Malatya, R, Kayseri, R, Konya, R, Burdur
Agri, A, Diyarbakir, R, Malatya, H, Kayseri, A, Konya, H, Burdur
Agri, A, Diyarbakir, R, Malatya, H, Kayseri, A, Konya, R, Burdur
Agri, A, Diyarbakir, R, Malatya, H, Kayseri, R, Konya, H, Burdur
Agri, A, Diyarbakir, R, Malatya, H, Kayseri, R, Konya, R, Burdur
Agri, A, Diyarbakir, R, Malatya, R, Kayseri, A, Konya, H, Burdur
Agri, A, Diyarbakir, R, Malatya, R, Kayseri, A, Konya, R, Burdur
Agri, A, Diyarbakir, R, Malatya, R, Kayseri, R, Konya, H, Burdur
Agri, A, Diyarbakir, R, Malatya, R, Kayseri, R, Konya, R, Burdur
Agri, H, Diyarbakir, H, Malatya, H, Kayseri, A, Konya, H, Burdur
Agri, H, Diyarbakir, H, Malatya, H, Kayseri, A, Konya, R, Burdur
Agri, H, Diyarbakir, H, Malatya, H, Kayseri, R, Konya, H, Burdur
Agri, H, Diyarbakir, H, Malatya, H, Kayseri, R, Konya, R, Burdur
Agri, H, Diyarbakir, H, Malatya, R, Kayseri, A, Konya, H, Burdur
Agri, H, Diyarbakir, H, Malatya, R, Kayseri, A, Konya, R, Burdur
Agri, H, Diyarbakir, H, Malatya, R, Kayseri, R, Konya, H, Burdur
Agri, H, Diyarbakir, H, Malatya, R, Kayseri, R, Konya, R, Burdur
Agri, H, Diyarbakir, R, Malatya, H, Kayseri, A, Konya, H, Burdur
Agri, H, Diyarbakir, R, Malatya, H, Kayseri, A, Konya, R, Burdur
Agri, H, Diyarbakir, R, Malatya, H, Kayseri, R, Konya, H, Burdur
Agri, H, Diyarbakir, R, Malatya, H, Kayseri, R, Konya, R, Burdur
Agri, H, Diyarbakir, R, Malatya, R, Kayseri, A, Konya, H, Burdur
Agri, H, Diyarbakir, R, Malatya, R, Kayseri, A, Konya, R, Burdur
Agri, H, Diyarbakir, R, Malatya, R, Kayseri, R, Konya, H, Burdur
Agri, H, Diyarbakir, R, Malatya, R, Kayseri, R, Konya, R, Burdur
Agri, R, Diyarbakir, H, Malatya, H, Kayseri, A, Konya, H, Burdur
Agri, R, Diyarbakir, H, Malatya, H, Kayseri, A, Konya, R, Burdur
Agri, R, Diyarbakir, H, Malatya, H, Kayseri, R, Konya, H, Burdur
Agri, R, Diyarbakir, H, Malatya, H, Kayseri, R, Konya, R, Burdur
Agri, R, Diyarbakir, H, Malatya, R, Kayseri, A, Konya, H, Burdur
Agri, R, Diyarbakir, H, Malatya, R, Kayseri, A, Konya, R, Burdur
Agri, R, Diyarbakir, H, Malatya, R, Kayseri, R, Konya, H, Burdur
Agri, R, Diyarbakir, H, Malatya, R, Kayseri, R, Konya, R, Burdur
Agri, R, Diyarbakir, R, Malatya, H, Kayseri, A, Konya, H, Burdur
Agri, R, Diyarbakir, R, Malatya, H, Kayseri, A, Konya, R, Burdur
Agri, R, Diyarbakir, R, Malatya, H, Kayseri, R, Konya, H, Burdur
Agri, R, Diyarbakir, R, Malatya, H, Kayseri, R, Konya, R, Burdur
Agri, R, Diyarbakir, R, Malatya, R, Kayseri, A, Konya, H, Burdur
Agri, R, Diyarbakir, R, Malatya, R, Kayseri, A, Konya, R, Burdur
Agri, R, Diyarbakir, R, Malatya, R, Kayseri, R, Konya, H, Burdur
Agri, R, Diyarbakir, R, Malatya, R, Kayseri, R, Konya, R, Burdur
Agri, H, Erzincan, A, Kayseri, A, Konya, H, Burdur
Agri, H, Erzincan, A, Kayseri, A, Konya, R, Burdur
Agri, H, Erzincan, A, Kayseri, R, Konya, H, Burdur
Agri, H, Erzincan, A, Kayseri, R, Konya, R, Burdur
Agri, R, Erzincan, A, Kayseri, A, Konya, H, Burdur
Agri, R, Erzincan, A, Kayseri, A, Konya, R, Burdur
Agri, R, Erzincan, A, Kayseri, R, Konya, H, Burdur
Agri, R, Erzincan, A, Kayseri, R, Konya, R, Burdur
Agri, H, Erzincan, R, Malatya, H, Kayseri, A, Konya, H, Burdur
Agri, H, Erzincan, R, Malatya, H, Kayseri, A, Konya, R, Burdur
Agri, H, Erzincan, R, Malatya, H, Kayseri, R, Konya, H, Burdur
Agri, H, Erzincan, R, Malatya, H, Kayseri, R, Konya, R, Burdur
Agri, H, Erzincan, R, Malatya, R, Kayseri, A, Konya, H, Burdur
Agri, H, Erzincan, R, Malatya, R, Kayseri, A, Konya, R, Burdur
Agri, H, Erzincan, R, Malatya, R, Kayseri, R, Konya, H, Burdur
Agri, H, Erzincan, R, Malatya, R, Kayseri, R, Konya, R, Burdur
Agri, R, Erzincan, R, Malatya, H, Kayseri, A, Konya, H, Burdur
Agri, R, Erzincan, R, Malatya, H, Kayseri, A, Konya, R, Burdur
Agri, R, Erzincan, R, Malatya, H, Kayseri, R, Konya, H, Burdur
Agri, R, Erzincan, R, Malatya, H, Kayseri, R, Konya, R, Burdur
Agri, R, Erzincan, R, Malatya, R, Kayseri, A, Konya, H, Burdur
Agri, R, Erzincan, R, Malatya, R, Kayseri, A, Konya, R, Burdur
Agri, R, Erzincan, R, Malatya, R, Kayseri, R, Konya, H, Burdur
Agri, R, Erzincan, R, Malatya, R, Kayseri, R, Konya, R, Burdur
Agri, H, Hatay, A, Kayseri, A, Konya, H, Burdur
Agri, H, Hatay, A, Kayseri, A, Konya, R, Burdur
Agri, H, Hatay, A, Kayseri, R, Konya, H, Burdur
Agri, H, Hatay, A, Kayseri, R, Konya, R, Burdur
Agri, H, Hatay, H, Kayseri, A, Konya, H, Burdur
Agri, H, Hatay, H, Kayseri, A, Konya, R, Burdur
Agri, H, Hatay, H, Kayseri, R, Konya, H, Burdur
Agri, H, Hatay, H, Kayseri, R, Konya, R, Burdur
Agri, R, Hatay, A, Kayseri, A, Konya, H, Burdur
Agri, R, Hatay, A, Kayseri, A, Konya, R, Burdur
Agri, R, Hatay, A, Kayseri, R, Konya, H, Burdur
Agri, R, Hatay, A, Kayseri, R, Konya, R, Burdur
Agri, R, Hatay, H, Kayseri, A, Konya, H, Burdur
Agri, R, Hatay, H, Kayseri, A, Konya, R, Burdur
Agri, R, Hatay, H, Kayseri, R, Konya, H, Burdur
Agri, R, Hatay, H, Kayseri, R, Konya, R, Burdur
Q3, Erzincan, Burdur, R
Erzincan, R, Malatya, H, Kayseri, A, Konya, H, Burdur
Q2, Diyarbakir, Aydin, Bolu
Diyarbakir, A, Tokat, A, Bolu, A, Burdur, A, Aydin
Diyarbakir, A, Tokat, A, Bolu, A, Burdur, H, Aydin
Diyarbakir, A, Tokat, A, Bolu, A, Burdur, R, Aydin
Diyarbakir, A, Tokat, A, Bolu, H, Burdur, A, Aydin
Diyarbakir, A, Tokat, A, Bolu, H, Burdur, H, Aydin
Diyarbakir, A, Tokat, A, Bolu, H, Burdur, R, Aydin
Diyarbakir, A, Tokat, A, Bolu, R, Burdur, A, Aydin
Diyarbakir, A, Tokat, A, Bolu, R, Burdur, H, Aydin
Diyarbakir, A, Tokat, A, Bolu, R, Burdur, R, Aydin
Diyarbakir, A, Tokat, H, Bolu, A, Burdur, A, Aydin
Diyarbakir, A, Tokat, H, Bolu, A, Burdur, H, Aydin
Diyarbakir, A, Tokat, H, Bolu, A, Burdur, R, Aydin
Diyarbakir, A, Tokat, H, Bolu, H, Burdur, A, Aydin
Diyarbakir, A, Tokat, H, Bolu, H, Burdur, H, Aydin
Diyarbakir, A, Tokat, H, Bolu, H, Burdur, R, Aydin
Diyarbakir, A, Tokat, H, Bolu, R, Burdur, A, Aydin
Diyarbakir, A, Tokat, H, Bolu, R, Burdur, H, Aydin
Diyarbakir, A, Tokat, H, Bolu, R, Burdur, R, Aydin
Diyarbakir, A, Tokat, A, Bolu, H, Bursa, A, Aydin
Diyarbakir, A, Tokat, A, Bolu, H, Bursa, H, Aydin
Diyarbakir, A, Tokat, A, Bolu, R, Bursa, A, Aydin
Diyarbakir, A, Tokat, A, Bolu, R, Bursa, H, Aydin
Diyarbakir, A, Tokat, H, Bolu, H, Bursa, A, Aydin
Diyarbakir, A, Tokat, H, Bolu, H, Bursa, H, Aydin
Diyarbakir, A, Tokat, H, Bolu, R, Bursa, A, Aydin
Diyarbakir, A, Tokat, H, Bolu, R, Bursa, H, Aydin
Q4, Ardahan, Burdur, A2, H2, R1
Ardahan, A, Erzincan, R, Malatya, H, Kayseri, A, Konya, H, Burdur
Ardahan, H, Agri, H, Hatay, A, Kayseri, A, Konya, R, Burdur
Ardahan, H, Agri, R, Hatay, A, Kayseri, A, Konya, H, Burdur
Ardahan, H, Agri, R, Hatay, A, Kayseri, A, Konya, H, Burdur
Q3, Diyarbakir, Burdur, A
Diyarbakir, A, Tokat, A, Bolu, A, Burdur
PRINTGRAPH
Ardahan --> Erzincan Agri Hatay Tokat 
Agri --> Diyarbakir Erzincan Hatay 
Erzincan --> Kayseri Bolu Malatya 
Diyarbakir --> Tokat Malatya 
Hatay --> Kayseri 
Malatya --> Kayseri 
Tokat --> Bolu 
Kayseri --> Konya 
Bolu --> Burdur Bursa 
Konya --> Burdur 
Bursa --> Aydin 
Burdur --> Aydin 
Aydin --> 